TN:
SF:/chakra/home/universalpackagemanager/UPM/asm/elf-parser/not-compiled/ul_exec_libc.c
FN:38,findyourself_init
FN:52,find_yourself
FN:116,file_size
FN:132,brk_
FN:161,print_maps
FN:173,error_msg
FN:180,print_address
FN:187,memcopy
FN:200,copy_in
FN:222,map_file
FN:247,unmap
FN:312,save_argv
FN:352,release_args
FN:360,save_elfauxv
FN:389,stack_setup
FN:502,read_
FN:510,lseek_string
FN:521,string_quote
FN:744,print_quoted_string
FN:787,load_elf
FN:903,strjoinb
FN:913,shift_split
FN:934,split
FN:996,lseek_stringb
FN:1004,strjoin
FN:1014,stream__
FN:1067,stream__o
FN:1133,read__
FN:1161,stack_setupb
FN:1276,die
FN:1281,set_auxv
FN:1310,get_full_path
FN:1328,resolve
FN:1352,resolvedir.4493
FN:1364,resolvefile.4496
FN:1404,getlink.4499
FN:1450,checkifsymlink.4506
FN:1475,testtype.4510
FN:1477,is_regular_file.4513
FN:1483,isDirectory.4517
FN:1582,ulexec
FN:1739,ulexec_array
FN:1845,ulexecb
FN:2215,read_section_header_table_.4700
FN:2223,read_section_.4704
FN:2228,print_section_headers_.4710
FN:2256,print_symbol_table.4720
FN:2283,print_symbols.4733
FNDA:0,findyourself_init
FNDA:0,find_yourself
FNDA:0,file_size
FNDA:0,brk_
FNDA:2,print_maps
FNDA:0,error_msg
FNDA:0,print_address
FNDA:0,memcopy
FNDA:0,copy_in
FNDA:0,map_file
FNDA:0,unmap
FNDA:0,save_argv
FNDA:0,release_args
FNDA:0,save_elfauxv
FNDA:0,stack_setup
FNDA:0,read_
FNDA:0,lseek_string
FNDA:0,string_quote
FNDA:0,print_quoted_string
FNDA:0,load_elf
FNDA:0,strjoinb
FNDA:0,shift_split
FNDA:0,split
FNDA:0,lseek_stringb
FNDA:0,strjoin
FNDA:0,stream__
FNDA:0,stream__o
FNDA:0,read__
FNDA:0,stack_setupb
FNDA:0,die
FNDA:0,set_auxv
FNDA:0,get_full_path
FNDA:2,resolve
FNDA:0,resolvedir.4493
FNDA:2,resolvefile.4496
FNDA:2,getlink.4499
FNDA:0,checkifsymlink.4506
FNDA:2,testtype.4510
FNDA:2,is_regular_file.4513
FNDA:0,isDirectory.4517
FNDA:2,ulexec
FNDA:0,ulexec_array
FNDA:0,ulexecb
FNDA:0,read_section_header_table_.4700
FNDA:0,read_section_.4704
FNDA:0,print_section_headers_.4710
FNDA:0,print_symbol_table.4720
FNDA:0,print_symbols.4733
FNF:48
FNH:7
DA:38,0
DA:41,0
DA:43,0
DA:44,0
DA:46,0
DA:47,0
DA:48,0
DA:49,0
DA:52,0
DA:57,0
DA:58,0
DA:60,0
DA:61,0
DA:62,0
DA:63,0
DA:64,0
DA:65,0
DA:66,0
DA:67,0
DA:69,0
DA:71,0
DA:72,0
DA:73,0
DA:74,0
DA:75,0
DA:76,0
DA:77,0
DA:78,0
DA:79,0
DA:80,0
DA:81,0
DA:82,0
DA:83,0
DA:84,0
DA:86,0
DA:89,0
DA:92,0
DA:93,0
DA:94,0
DA:95,0
DA:96,0
DA:97,0
DA:98,0
DA:99,0
DA:100,0
DA:101,0
DA:102,0
DA:103,0
DA:104,0
DA:105,0
DA:108,0
DA:112,0
DA:116,0
DA:121,0
DA:123,0
DA:125,0
DA:128,0
DA:132,0
DA:134,0
DA:135,0
DA:161,2
DA:166,2
DA:167,10
DA:168,6
DA:169,2
DA:170,2
DA:173,0
DA:176,0
DA:177,0
DA:180,0
DA:182,0
DA:183,0
DA:187,0
DA:190,0
DA:191,0
DA:193,0
DA:194,0
DA:196,0
DA:200,0
DA:203,0
DA:206,0
DA:208,0
DA:209,0
DA:212,0
DA:214,0
DA:215,0
DA:218,0
DA:219,0
DA:222,0
DA:227,0
DA:229,0
DA:230,0
DA:233,0
DA:235,0
DA:237,0
DA:238,0
DA:241,0
DA:243,0
DA:247,0
DA:253,0
DA:255,0
DA:257,0
DA:261,0
DA:263,0
DA:265,0
DA:266,0
DA:268,0
DA:275,0
DA:276,0
DA:282,0
DA:283,0
DA:285,0
DA:287,0
DA:288,0
DA:289,0
DA:291,0
DA:292,0
DA:293,0
DA:295,0
DA:296,0
DA:300,0
DA:305,0
DA:307,0
DA:312,0
DA:314,0
DA:318,0
DA:319,0
DA:320,0
DA:322,0
DA:323,0
DA:324,0
DA:326,0
DA:327,0
DA:328,0
DA:332,0
DA:333,0
DA:334,0
DA:335,0
DA:339,0
DA:342,0
DA:343,0
DA:344,0
DA:345,0
DA:348,0
DA:352,0
DA:354,0
DA:355,0
DA:356,0
DA:360,0
DA:367,0
DA:368,0
DA:369,0
DA:371,0
DA:373,0
DA:374,0
DA:376,0
DA:378,0
DA:379,0
DA:380,0
DA:381,0
DA:382,0
DA:384,0
DA:389,0
DA:397,0
DA:405,0
DA:413,0
DA:415,0
DA:416,0
DA:417,0
DA:418,0
DA:420,0
DA:421,0
DA:422,0
DA:424,0
DA:426,0
DA:429,0
DA:430,0
DA:431,0
DA:436,0
DA:438,0
DA:440,0
DA:441,0
DA:442,0
DA:443,0
DA:445,0
DA:450,0
DA:453,0
DA:454,0
DA:456,0
DA:458,0
DA:459,0
DA:460,0
DA:461,0
DA:464,0
DA:465,0
DA:468,0
DA:469,0
DA:471,0
DA:473,0
DA:474,0
DA:475,0
DA:476,0
DA:479,0
DA:480,0
DA:483,0
DA:485,0
DA:486,0
DA:487,0
DA:488,0
DA:489,0
DA:490,0
DA:492,0
DA:495,0
DA:496,0
DA:497,0
DA:499,0
DA:502,0
DA:503,0
DA:504,0
DA:505,0
DA:506,0
DA:507,0
DA:510,0
DA:511,0
DA:512,0
DA:513,0
DA:514,0
DA:521,0
DA:523,0
DA:524,0
DA:528,0
DA:529,0
DA:530,0
DA:531,0
DA:532,0
DA:533,0
DA:534,0
DA:535,0
DA:538,0
DA:539,0
DA:541,0
DA:542,0
DA:545,0
DA:546,0
DA:547,0
DA:552,0
DA:553,0
DA:554,0
DA:559,0
DA:560,0
DA:562,0
DA:564,0
DA:565,0
DA:567,0
DA:568,0
DA:571,0
DA:572,0
DA:573,0
DA:575,0
DA:577,0
DA:578,0
DA:580,0
DA:581,0
DA:582,0
DA:585,0
DA:586,0
DA:588,0
DA:589,0
DA:590,0
DA:591,0
DA:592,0
DA:593,0
DA:594,0
DA:595,0
DA:596,0
DA:597,0
DA:598,0
DA:599,0
DA:600,0
DA:601,0
DA:602,0
DA:604,0
DA:605,0
DA:606,0
DA:607,0
DA:608,0
DA:609,0
DA:610,0
DA:612,0
DA:615,0
DA:616,0
DA:618,0
DA:619,0
DA:620,0
DA:621,0
DA:622,0
DA:624,0
DA:625,0
DA:626,0
DA:627,0
DA:628,0
DA:630,0
DA:631,0
DA:632,0
DA:633,0
DA:637,0
DA:638,0
DA:639,0
DA:640,0
DA:643,0
DA:646,0
DA:647,0
DA:648,0
DA:649,0
DA:650,0
DA:651,0
DA:652,0
DA:653,0
DA:654,0
DA:657,0
DA:658,0
DA:659,0
DA:660,0
DA:661,0
DA:662,0
DA:663,0
DA:664,0
DA:665,0
DA:666,0
DA:667,0
DA:668,0
DA:669,0
DA:670,0
DA:671,0
DA:672,0
DA:673,0
DA:676,0
DA:677,0
DA:678,0
DA:681,0
DA:682,0
DA:683,0
DA:684,0
DA:687,0
DA:688,0
DA:691,0
DA:692,0
DA:693,0
DA:694,0
DA:697,0
DA:703,0
DA:704,0
DA:705,0
DA:708,0
DA:712,0
DA:715,0
DA:718,0
DA:719,0
DA:720,0
DA:722,0
DA:744,0
DA:751,0
DA:752,0
DA:754,0
DA:755,0
DA:756,0
DA:757,0
DA:758,0
DA:760,0
DA:762,0
DA:763,0
DA:764,0
DA:766,0
DA:767,0
DA:768,0
DA:769,0
DA:770,0
DA:775,0
DA:776,0
DA:777,0
DA:778,0
DA:779,0
DA:782,0
DA:784,0
DA:787,0
DA:790,0
DA:792,0
DA:793,0
DA:794,0
DA:795,0
DA:797,0
DA:799,0
DA:800,0
DA:803,0
DA:804,0
DA:806,0
DA:808,0
DA:810,0
DA:811,0
DA:812,0
DA:815,0
DA:817,0
DA:818,0
DA:821,0
DA:822,0
DA:824,0
DA:827,0
DA:828,0
DA:830,0
DA:831,0
DA:832,0
DA:833,0
DA:835,0
DA:838,0
DA:839,0
DA:842,0
DA:843,0
DA:845,0
DA:851,0
DA:853,0
DA:854,0
DA:857,0
DA:858,0
DA:859,0
DA:860,0
DA:861,0
DA:865,0
DA:867,0
DA:868,0
DA:869,0
DA:870,0
DA:871,0
DA:872,0
DA:873,0
DA:877,0
DA:878,0
DA:879,0
DA:880,0
DA:881,0
DA:882,0
DA:884,0
DA:886,0
DA:887,0
DA:890,0
DA:892,0
DA:893,0
DA:894,0
DA:897,0
DA:898,0
DA:900,0
DA:903,0
DA:904,0
DA:905,0
DA:906,0
DA:907,0
DA:908,0
DA:909,0
DA:910,0
DA:913,0
DA:914,0
DA:915,0
DA:916,0
DA:917,0
DA:918,0
DA:920,0
DA:921,0
DA:922,0
DA:923,0
DA:924,0
DA:926,0
DA:927,0
DA:928,0
DA:931,0
DA:934,0
DA:936,0
DA:937,0
DA:938,0
DA:942,0
DA:943,0
DA:945,0
DA:946,0
DA:947,0
DA:950,0
DA:951,0
DA:952,0
DA:954,0
DA:955,0
DA:957,0
DA:959,0
DA:960,0
DA:961,0
DA:963,0
DA:964,0
DA:966,0
DA:967,0
DA:969,0
DA:970,0
DA:971,0
DA:973,0
DA:974,0
DA:975,0
DA:976,0
DA:978,0
DA:980,0
DA:981,0
DA:985,0
DA:986,0
DA:987,0
DA:989,0
DA:992,0
DA:996,0
DA:997,0
DA:999,0
DA:1000,0
DA:1001,0
DA:1002,0
DA:1004,0
DA:1005,0
DA:1006,0
DA:1007,0
DA:1008,0
DA:1009,0
DA:1010,0
DA:1011,0
DA:1014,0
DA:1015,0
DA:1016,0
DA:1017,0
DA:1018,0
DA:1019,0
DA:1023,0
DA:1025,0
DA:1026,0
DA:1027,0
DA:1029,0
DA:1030,0
DA:1031,0
DA:1032,0
DA:1033,0
DA:1034,0
DA:1035,0
DA:1037,0
DA:1039,0
DA:1041,0
DA:1042,0
DA:1043,0
DA:1044,0
DA:1046,0
DA:1048,0
DA:1049,0
DA:1051,0
DA:1052,0
DA:1053,0
DA:1054,0
DA:1055,0
DA:1056,0
DA:1058,0
DA:1060,0
DA:1061,0
DA:1062,0
DA:1063,0
DA:1067,0
DA:1068,0
DA:1069,0
DA:1070,0
DA:1071,0
DA:1072,0
DA:1079,0
DA:1081,0
DA:1082,0
DA:1083,0
DA:1084,0
DA:1085,0
DA:1086,0
DA:1087,0
DA:1088,0
DA:1089,0
DA:1090,0
DA:1092,0
DA:1094,0
DA:1096,0
DA:1097,0
DA:1098,0
DA:1099,0
DA:1100,0
DA:1104,0
DA:1105,0
DA:1107,0
DA:1108,0
DA:1109,0
DA:1110,0
DA:1112,0
DA:1115,0
DA:1117,0
DA:1118,0
DA:1119,0
DA:1120,0
DA:1121,0
DA:1122,0
DA:1124,0
DA:1126,0
DA:1127,0
DA:1128,0
DA:1129,0
DA:1133,0
DA:1135,0
DA:1137,0
DA:1139,0
DA:1140,0
DA:1142,0
DA:1143,0
DA:1144,0
DA:1145,0
DA:1147,0
DA:1148,0
DA:1150,0
DA:1151,0
DA:1152,0
DA:1153,0
DA:1155,0
DA:1156,0
DA:1157,0
DA:1161,0
DA:1169,0
DA:1177,0
DA:1185,0
DA:1187,0
DA:1188,0
DA:1189,0
DA:1190,0
DA:1192,0
DA:1193,0
DA:1194,0
DA:1196,0
DA:1198,0
DA:1201,0
DA:1202,0
DA:1203,0
DA:1208,0
DA:1210,0
DA:1212,0
DA:1213,0
DA:1214,0
DA:1215,0
DA:1217,0
DA:1222,0
DA:1225,0
DA:1226,0
DA:1228,0
DA:1230,0
DA:1231,0
DA:1232,0
DA:1233,0
DA:1236,0
DA:1237,0
DA:1240,0
DA:1241,0
DA:1243,0
DA:1245,0
DA:1246,0
DA:1247,0
DA:1248,0
DA:1251,0
DA:1252,0
DA:1255,0
DA:1257,0
DA:1258,0
DA:1259,0
DA:1260,0
DA:1261,0
DA:1262,0
DA:1264,0
DA:1267,0
DA:1268,0
DA:1269,0
DA:1271,0
DA:1276,0
DA:1278,0
DA:1279,0
DA:1281,0
DA:1284,0
DA:1285,0
DA:1286,0
DA:1288,0
DA:1290,0
DA:1291,0
DA:1293,0
DA:1294,0
DA:1295,0
DA:1297,0
DA:1298,0
DA:1300,0
DA:1301,0
DA:1302,0
DA:1303,0
DA:1305,0
DA:1308,0
DA:1310,0
DA:1311,0
DA:1312,0
DA:1314,0
DA:1316,0
DA:1317,0
DA:1318,0
DA:1319,0
DA:1328,2
DA:1330,2
DA:1331,2
DA:1333,0
DA:1335,2
DA:1337,2
DA:1339,2
DA:1340,2
DA:1341,2
DA:1342,2
DA:1349,2
DA:1352,0
DA:1354,0
DA:1355,0
DA:1356,0
DA:1357,0
DA:1358,0
DA:1359,0
DA:1360,0
DA:1361,0
DA:1362,0
DA:1364,2
DA:1366,2
DA:1367,2
DA:1368,2
DA:1369,2
DA:1370,2
DA:1371,2
DA:1372,2
DA:1373,2
DA:1374,2
DA:1375,2
DA:1376,2
DA:1377,2
DA:1378,2
DA:1379,2
DA:1380,2
DA:1381,2
DA:1382,2
DA:1383,2
DA:1384,2
DA:1385,2
DA:1386,2
DA:1387,2
DA:1388,2
DA:1389,2
DA:1390,2
DA:1391,2
DA:1392,2
DA:1393,2
DA:1394,2
DA:1395,2
DA:1396,2
DA:1397,2
DA:1398,2
DA:1399,2
DA:1400,2
DA:1404,2
DA:1407,2
DA:1408,2
DA:1409,2
DA:1411,0
DA:1414,2
DA:1415,2
DA:1422,0
DA:1424,0
DA:1427,0
DA:1428,0
DA:1430,0
DA:1433,0
DA:1435,0
DA:1437,0
DA:1440,0
DA:1442,0
DA:1445,0
DA:1447,0
DA:1449,0
DA:1450,0
DA:1453,0
DA:1455,0
DA:1456,0
DA:1458,0
DA:1459,0
DA:1460,0
DA:1463,0
DA:1464,0
DA:1467,0
DA:1469,0
DA:1470,0
DA:1471,0
DA:1473,2
DA:1474,2
DA:1475,2
DA:1477,2
DA:1480,2
DA:1481,2
DA:1483,0
DA:1486,0
DA:1487,0
DA:1488,0
DA:1490,2
DA:1492,2
DA:1493,2
DA:1495,0
DA:1497,0
DA:1498,0
DA:1499,0
DA:1500,0
DA:1502,0
DA:1503,0
DA:1504,0
DA:1507,0
DA:1508,0
DA:1510,2
DA:1512,2
DA:1513,2
DA:1514,2
DA:1515,2
DA:1516,2
DA:1517,2
DA:1518,2
DA:1519,2
DA:1520,2
DA:1521,2
DA:1522,2
DA:1523,2
DA:1524,2
DA:1525,0
DA:1528,0
DA:1529,0
DA:1531,0
DA:1533,0
DA:1534,0
DA:1536,0
DA:1538,0
DA:1539,0
DA:1540,0
DA:1541,0
DA:1543,0
DA:1544,0
DA:1545,0
DA:1548,0
DA:1549,0
DA:1551,0
DA:1553,0
DA:1554,0
DA:1555,0
DA:1556,0
DA:1557,0
DA:1558,0
DA:1559,0
DA:1560,0
DA:1561,0
DA:1562,0
DA:1563,0
DA:1564,0
DA:1565,0
DA:1566,0
DA:1567,0
DA:1570,0
DA:1571,0
DA:1574,0
DA:1576,2
DA:1577,2
DA:1582,2
DA:1584,2
DA:1585,2
DA:1586,2
DA:1599,0
DA:1600,0
DA:1601,0
DA:1602,0
DA:1603,0
DA:1604,0
DA:1605,0
DA:1606,0
DA:1607,0
DA:1608,0
DA:1610,0
DA:1611,0
DA:1612,0
DA:1613,0
DA:1615,0
DA:1617,0
DA:1620,0
DA:1621,0
DA:1622,0
DA:1625,0
DA:1627,0
DA:1629,0
DA:1630,0
DA:1631,0
DA:1634,0
DA:1636,0
DA:1637,0
DA:1640,0
DA:1649,0
DA:1650,0
DA:1655,0
DA:1656,0
DA:1657,0
DA:1658,0
DA:1660,0
DA:1661,0
DA:1662,0
DA:1663,0
DA:1664,0
DA:1665,0
DA:1668,0
DA:1672,0
DA:1673,0
DA:1675,0
DA:1676,0
DA:1677,0
DA:1679,0
DA:1680,0
DA:1682,0
DA:1683,0
DA:1684,0
DA:1686,0
DA:1688,0
DA:1690,0
DA:1691,0
DA:1692,0
DA:1693,0
DA:1694,0
DA:1695,0
DA:1696,0
DA:1697,0
DA:1699,0
DA:1700,0
DA:1701,0
DA:1702,0
DA:1703,0
DA:1704,0
DA:1707,0
DA:1713,0
DA:1714,0
DA:1716,0
DA:1717,0
DA:1719,0
DA:1720,0
DA:1721,0
DA:1722,0
DA:1723,0
DA:1724,0
DA:1726,0
DA:1727,0
DA:1729,0
DA:1730,0
DA:1731,0
DA:1732,0
DA:1733,0
DA:1734,0
DA:1735,0
DA:1739,0
DA:1741,0
DA:1742,0
DA:1743,0
DA:1744,0
DA:1745,0
DA:1746,0
DA:1747,0
DA:1749,0
DA:1751,0
DA:1754,0
DA:1755,0
DA:1756,0
DA:1760,0
DA:1761,0
DA:1763,0
DA:1771,0
DA:1772,0
DA:1779,0
DA:1780,0
DA:1782,0
DA:1783,0
DA:1784,0
DA:1786,0
DA:1787,0
DA:1788,0
DA:1789,0
DA:1791,0
DA:1792,0
DA:1793,0
DA:1795,0
DA:1797,0
DA:1799,0
DA:1800,0
DA:1801,0
DA:1802,0
DA:1803,0
DA:1804,0
DA:1805,0
DA:1806,0
DA:1808,0
DA:1809,0
DA:1810,0
DA:1811,0
DA:1812,0
DA:1813,0
DA:1816,0
DA:1821,0
DA:1824,0
DA:1825,0
DA:1827,0
DA:1828,0
DA:1830,0
DA:1831,0
DA:1832,0
DA:1833,0
DA:1835,0
DA:1837,0
DA:1840,0
DA:1841,0
DA:1842,0
DA:1845,0
DA:1847,0
DA:1848,0
DA:1849,0
DA:1850,0
DA:1852,0
DA:1853,0
DA:1854,0
DA:1855,0
DA:1856,0
DA:1857,0
DA:1858,0
DA:1880,0
DA:1881,0
DA:1882,0
DA:1884,0
DA:1885,0
DA:1888,0
DA:1889,0
DA:1892,0
DA:1893,0
DA:1896,0
DA:1897,0
DA:1900,0
DA:1901,0
DA:1904,0
DA:1905,0
DA:1908,0
DA:1909,0
DA:1912,0
DA:1913,0
DA:1916,0
DA:1917,0
DA:1920,0
DA:1921,0
DA:1924,0
DA:1925,0
DA:1928,0
DA:1929,0
DA:1932,0
DA:1933,0
DA:1936,0
DA:1937,0
DA:1940,0
DA:1941,0
DA:1944,0
DA:1945,0
DA:1948,0
DA:1949,0
DA:1952,0
DA:1953,0
DA:1956,0
DA:1957,0
DA:1964,0
DA:1965,0
DA:1968,0
DA:1969,0
DA:1972,0
DA:1973,0
DA:1980,0
DA:1981,0
DA:1984,0
DA:1985,0
DA:1988,0
DA:1989,0
DA:1992,0
DA:1993,0
DA:1996,0
DA:1997,0
DA:2000,0
DA:2001,0
DA:2008,0
DA:2009,0
DA:2012,0
DA:2013,0
DA:2016,0
DA:2017,0
DA:2020,0
DA:2021,0
DA:2024,0
DA:2025,0
DA:2028,0
DA:2029,0
DA:2032,0
DA:2033,0
DA:2036,0
DA:2037,0
DA:2040,0
DA:2041,0
DA:2044,0
DA:2045,0
DA:2048,0
DA:2049,0
DA:2052,0
DA:2053,0
DA:2056,0
DA:2057,0
DA:2060,0
DA:2061,0
DA:2064,0
DA:2065,0
DA:2068,0
DA:2069,0
DA:2072,0
DA:2073,0
DA:2076,0
DA:2077,0
DA:2080,0
DA:2081,0
DA:2084,0
DA:2085,0
DA:2087,0
DA:2088,0
DA:2092,0
DA:2093,0
DA:2097,0
DA:2100,0
DA:2102,0
DA:2103,0
DA:2107,0
DA:2108,0
DA:2109,0
DA:2110,0
DA:2111,0
DA:2115,0
DA:2116,0
DA:2119,0
DA:2120,0
DA:2122,0
DA:2123,0
DA:2125,0
DA:2126,0
DA:2128,0
DA:2129,0
DA:2131,0
DA:2132,0
DA:2134,0
DA:2135,0
DA:2137,0
DA:2138,0
DA:2140,0
DA:2141,0
DA:2143,0
DA:2144,0
DA:2146,0
DA:2147,0
DA:2149,0
DA:2150,0
DA:2152,0
DA:2153,0
DA:2155,0
DA:2156,0
DA:2158,0
DA:2159,0
DA:2161,0
DA:2162,0
DA:2164,0
DA:2165,0
DA:2167,0
DA:2168,0
DA:2170,0
DA:2171,0
DA:2173,0
DA:2174,0
DA:2178,0
DA:2179,0
DA:2180,0
DA:2182,0
DA:2183,0
DA:2185,0
DA:2186,0
DA:2187,0
DA:2188,0
DA:2189,0
DA:2195,0
DA:2196,0
DA:2199,0
DA:2215,0
DA:2217,0
DA:2218,0
DA:2219,0
DA:2221,0
DA:2223,0
DA:2224,0
DA:2225,0
DA:2228,0
DA:2229,0
DA:2230,0
DA:2232,0
DA:2233,0
DA:2234,0
DA:2235,0
DA:2236,0
DA:2237,0
DA:2239,0
DA:2240,0
DA:2241,0
DA:2242,0
DA:2243,0
DA:2244,0
DA:2246,0
DA:2247,0
DA:2248,0
DA:2249,0
DA:2251,0
DA:2252,0
DA:2253,0
DA:2254,0
DA:2256,0
DA:2263,0
DA:2269,0
DA:2270,0
DA:2271,0
DA:2273,0
DA:2274,0
DA:2276,0
DA:2277,0
DA:2278,0
DA:2279,0
DA:2280,0
DA:2282,0
DA:2283,0
DA:2285,0
DA:2286,0
DA:2287,0
DA:2288,0
DA:2289,0
DA:2292,0
DA:2306,0
DA:2307,0
DA:2313,0
DA:2316,0
DA:2317,0
DA:2318,0
DA:2320,0
DA:2322,0
LF:1257
LH:87
end_of_record
TN:
SF:/chakra/home/universalpackagemanager/UPM/asm/elf-parser/not-compiled/ul_example.c
FN:9,main
FNDA:2,main
FNF:1
FNH:1
DA:9,2
DA:11,2
DA:13,2
DA:15,0
DA:16,0
DA:17,0
DA:18,0
DA:19,0
DA:21,0
DA:22,0
DA:23,0
DA:24,0
DA:25,0
DA:26,0
DA:29,0
DA:32,0
DA:33,0
DA:34,0
DA:35,0
DA:36,0
DA:38,0
DA:39,0
DA:40,0
DA:41,0
DA:42,0
DA:43,0
DA:46,0
DA:51,0
DA:52,0
LF:29
LH:3
end_of_record
